c:\users\aixia\downloads\sqlite-version-3.49.0\sqlite3_std\sqlite3_shell\x64\debug\vc142.pdb
c:\users\aixia\downloads\sqlite-version-3.49.0\sqlite3_std\sqlite3_shell\x64\debug\vc142.idb
c:\users\aixia\downloads\sqlite-version-3.49.0\sqlite3_std\sqlite3_shell\x64\debug\fts3.obj
c:\users\aixia\downloads\sqlite-version-3.49.0\sqlite3_std\sqlite3_shell\x64\debug\fkey.obj
c:\users\aixia\downloads\sqlite-version-3.49.0\sqlite3_std\sqlite3_shell\x64\debug\fault.obj
c:\users\aixia\downloads\sqlite-version-3.49.0\sqlite3_std\sqlite3_shell\x64\debug\expr.obj
c:\users\aixia\downloads\sqlite-version-3.49.0\sqlite3_std\sqlite3_shell\x64\debug\delete.obj
c:\users\aixia\downloads\sqlite-version-3.49.0\sqlite3_std\sqlite3_shell\x64\debug\dbstat.obj
c:\users\aixia\downloads\sqlite-version-3.49.0\sqlite3_std\sqlite3_shell\x64\debug\dbpage.obj
c:\users\aixia\downloads\sqlite-version-3.49.0\sqlite3_std\sqlite3_shell\x64\debug\date.obj
c:\users\aixia\downloads\sqlite-version-3.49.0\sqlite3_std\sqlite3_shell\x64\debug\ctime.obj
c:\users\aixia\downloads\sqlite-version-3.49.0\sqlite3_std\sqlite3_shell\x64\debug\complete.obj
c:\users\aixia\downloads\sqlite-version-3.49.0\sqlite3_std\sqlite3_shell\x64\debug\callback.obj
c:\users\aixia\downloads\sqlite-version-3.49.0\sqlite3_std\sqlite3_shell\x64\debug\build.obj
c:\users\aixia\downloads\sqlite-version-3.49.0\sqlite3_std\sqlite3_shell\x64\debug\btree.obj
c:\users\aixia\downloads\sqlite-version-3.49.0\sqlite3_std\sqlite3_shell\x64\debug\btmutex.obj
c:\users\aixia\downloads\sqlite-version-3.49.0\sqlite3_std\sqlite3_shell\x64\debug\bitvec.obj
c:\users\aixia\downloads\sqlite-version-3.49.0\sqlite3_std\sqlite3_shell\x64\debug\backup.obj
c:\users\aixia\downloads\sqlite-version-3.49.0\sqlite3_std\sqlite3_shell\x64\debug\auth.obj
c:\users\aixia\downloads\sqlite-version-3.49.0\sqlite3_std\sqlite3_shell\x64\debug\attach.obj
c:\users\aixia\downloads\sqlite-version-3.49.0\sqlite3_std\sqlite3_shell\x64\debug\analyze.obj
c:\users\aixia\downloads\sqlite-version-3.49.0\sqlite3_std\sqlite3_shell\x64\debug\alter.obj
c:\users\aixia\downloads\sqlite-version-3.49.0\sqlite3_std\sqlite3_shell\x64\debug\legacy.obj
c:\users\aixia\downloads\sqlite-version-3.49.0\sqlite3_std\sqlite3_shell\x64\debug\json.obj
c:\users\aixia\downloads\sqlite-version-3.49.0\sqlite3_std\sqlite3_shell\x64\debug\insert.obj
c:\users\aixia\downloads\sqlite-version-3.49.0\sqlite3_std\sqlite3_shell\x64\debug\icu.obj
c:\users\aixia\downloads\sqlite-version-3.49.0\sqlite3_std\sqlite3_shell\x64\debug\hash.obj
c:\users\aixia\downloads\sqlite-version-3.49.0\sqlite3_std\sqlite3_shell\x64\debug\global.obj
c:\users\aixia\downloads\sqlite-version-3.49.0\sqlite3_std\sqlite3_shell\x64\debug\func.obj
c:\users\aixia\downloads\sqlite-version-3.49.0\sqlite3_std\sqlite3_shell\x64\debug\fts5.obj
c:\users\aixia\downloads\sqlite-version-3.49.0\sqlite3_std\sqlite3_shell\x64\debug\fts3_write.obj
c:\users\aixia\downloads\sqlite-version-3.49.0\sqlite3_std\sqlite3_shell\x64\debug\fts3_unicode2.obj
c:\users\aixia\downloads\sqlite-version-3.49.0\sqlite3_std\sqlite3_shell\x64\debug\fts3_unicode.obj
c:\users\aixia\downloads\sqlite-version-3.49.0\sqlite3_std\sqlite3_shell\x64\debug\fts3_tokenize_vtab.obj
c:\users\aixia\downloads\sqlite-version-3.49.0\sqlite3_std\sqlite3_shell\x64\debug\fts3_tokenizer1.obj
c:\users\aixia\downloads\sqlite-version-3.49.0\sqlite3_std\sqlite3_shell\x64\debug\fts3_tokenizer.obj
c:\users\aixia\downloads\sqlite-version-3.49.0\sqlite3_std\sqlite3_shell\x64\debug\fts3_snippet.obj
c:\users\aixia\downloads\sqlite-version-3.49.0\sqlite3_std\sqlite3_shell\x64\debug\fts3_porter.obj
c:\users\aixia\downloads\sqlite-version-3.49.0\sqlite3_std\sqlite3_shell\x64\debug\fts3_icu.obj
c:\users\aixia\downloads\sqlite-version-3.49.0\sqlite3_std\sqlite3_shell\x64\debug\fts3_hash.obj
c:\users\aixia\downloads\sqlite-version-3.49.0\sqlite3_std\sqlite3_shell\x64\debug\fts3_expr.obj
c:\users\aixia\downloads\sqlite-version-3.49.0\sqlite3_std\sqlite3_shell\x64\debug\fts3_aux.obj
c:\users\aixia\downloads\sqlite-version-3.49.0\sqlite3_std\sqlite3_shell\x64\debug\pager.obj
c:\users\aixia\downloads\sqlite-version-3.49.0\sqlite3_std\sqlite3_shell\x64\debug\os_win.obj
c:\users\aixia\downloads\sqlite-version-3.49.0\sqlite3_std\sqlite3_shell\x64\debug\os_unix.obj
c:\users\aixia\downloads\sqlite-version-3.49.0\sqlite3_std\sqlite3_shell\x64\debug\os_kv.obj
c:\users\aixia\downloads\sqlite-version-3.49.0\sqlite3_std\sqlite3_shell\x64\debug\os.obj
c:\users\aixia\downloads\sqlite-version-3.49.0\sqlite3_std\sqlite3_shell\x64\debug\opcodes.obj
c:\users\aixia\downloads\sqlite-version-3.49.0\sqlite3_std\sqlite3_shell\x64\debug\notify.obj
c:\users\aixia\downloads\sqlite-version-3.49.0\sqlite3_std\sqlite3_shell\x64\debug\mutex_w32.obj
c:\users\aixia\downloads\sqlite-version-3.49.0\sqlite3_std\sqlite3_shell\x64\debug\mutex_unix.obj
c:\users\aixia\downloads\sqlite-version-3.49.0\sqlite3_std\sqlite3_shell\x64\debug\mutex_noop.obj
c:\users\aixia\downloads\sqlite-version-3.49.0\sqlite3_std\sqlite3_shell\x64\debug\mutex.obj
c:\users\aixia\downloads\sqlite-version-3.49.0\sqlite3_std\sqlite3_shell\x64\debug\memjournal.obj
c:\users\aixia\downloads\sqlite-version-3.49.0\sqlite3_std\sqlite3_shell\x64\debug\memdb.obj
c:\users\aixia\downloads\sqlite-version-3.49.0\sqlite3_std\sqlite3_shell\x64\debug\mem5.obj
c:\users\aixia\downloads\sqlite-version-3.49.0\sqlite3_std\sqlite3_shell\x64\debug\mem3.obj
c:\users\aixia\downloads\sqlite-version-3.49.0\sqlite3_std\sqlite3_shell\x64\debug\mem2.obj
c:\users\aixia\downloads\sqlite-version-3.49.0\sqlite3_std\sqlite3_shell\x64\debug\mem1.obj
c:\users\aixia\downloads\sqlite-version-3.49.0\sqlite3_std\sqlite3_shell\x64\debug\mem0.obj
c:\users\aixia\downloads\sqlite-version-3.49.0\sqlite3_std\sqlite3_shell\x64\debug\malloc.obj
c:\users\aixia\downloads\sqlite-version-3.49.0\sqlite3_std\sqlite3_shell\x64\debug\loadext.obj
c:\users\aixia\downloads\sqlite-version-3.49.0\sqlite3_std\sqlite3_shell\x64\debug\treeview.obj
c:\users\aixia\downloads\sqlite-version-3.49.0\sqlite3_std\sqlite3_shell\x64\debug\tokenize.obj
c:\users\aixia\downloads\sqlite-version-3.49.0\sqlite3_std\sqlite3_shell\x64\debug\threads.obj
c:\users\aixia\downloads\sqlite-version-3.49.0\sqlite3_std\sqlite3_shell\x64\debug\table.obj
c:\users\aixia\downloads\sqlite-version-3.49.0\sqlite3_std\sqlite3_shell\x64\debug\stmt.obj
c:\users\aixia\downloads\sqlite-version-3.49.0\sqlite3_std\sqlite3_shell\x64\debug\status.obj
c:\users\aixia\downloads\sqlite-version-3.49.0\sqlite3_std\sqlite3_shell\x64\debug\sqlite3session.obj
c:\users\aixia\downloads\sqlite-version-3.49.0\sqlite3_std\sqlite3_shell\x64\debug\sqlite3rbu.obj
c:\users\aixia\downloads\sqlite-version-3.49.0\sqlite3_std\sqlite3_shell\x64\debug\shell.obj
c:\users\aixia\downloads\sqlite-version-3.49.0\sqlite3_std\sqlite3_shell\x64\debug\select.obj
c:\users\aixia\downloads\sqlite-version-3.49.0\sqlite3_std\sqlite3_shell\x64\debug\rtree.obj
c:\users\aixia\downloads\sqlite-version-3.49.0\sqlite3_std\sqlite3_shell\x64\debug\rowset.obj
c:\users\aixia\downloads\sqlite-version-3.49.0\sqlite3_std\sqlite3_shell\x64\debug\resolve.obj
c:\users\aixia\downloads\sqlite-version-3.49.0\sqlite3_std\sqlite3_shell\x64\debug\random.obj
c:\users\aixia\downloads\sqlite-version-3.49.0\sqlite3_std\sqlite3_shell\x64\debug\printf.obj
c:\users\aixia\downloads\sqlite-version-3.49.0\sqlite3_std\sqlite3_shell\x64\debug\prepare.obj
c:\users\aixia\downloads\sqlite-version-3.49.0\sqlite3_std\sqlite3_shell\x64\debug\pragma.obj
c:\users\aixia\downloads\sqlite-version-3.49.0\sqlite3_std\sqlite3_shell\x64\debug\pcache1.obj
c:\users\aixia\downloads\sqlite-version-3.49.0\sqlite3_std\sqlite3_shell\x64\debug\pcache.obj
c:\users\aixia\downloads\sqlite-version-3.49.0\sqlite3_std\sqlite3_shell\x64\debug\parse.obj
c:\users\aixia\downloads\sqlite-version-3.49.0\sqlite3_std\sqlite3_shell\x64\debug\whereexpr.obj
c:\users\aixia\downloads\sqlite-version-3.49.0\sqlite3_std\sqlite3_shell\x64\debug\wherecode.obj
c:\users\aixia\downloads\sqlite-version-3.49.0\sqlite3_std\sqlite3_shell\x64\debug\where.obj
c:\users\aixia\downloads\sqlite-version-3.49.0\sqlite3_std\sqlite3_shell\x64\debug\walker.obj
c:\users\aixia\downloads\sqlite-version-3.49.0\sqlite3_std\sqlite3_shell\x64\debug\wal.obj
c:\users\aixia\downloads\sqlite-version-3.49.0\sqlite3_std\sqlite3_shell\x64\debug\vtab.obj
c:\users\aixia\downloads\sqlite-version-3.49.0\sqlite3_std\sqlite3_shell\x64\debug\vdbevtab.obj
c:\users\aixia\downloads\sqlite-version-3.49.0\sqlite3_std\sqlite3_shell\x64\debug\vdbetrace.obj
c:\users\aixia\downloads\sqlite-version-3.49.0\sqlite3_std\sqlite3_shell\x64\debug\vdbesort.obj
c:\users\aixia\downloads\sqlite-version-3.49.0\sqlite3_std\sqlite3_shell\x64\debug\vdbemem.obj
c:\users\aixia\downloads\sqlite-version-3.49.0\sqlite3_std\sqlite3_shell\x64\debug\vdbeblob.obj
c:\users\aixia\downloads\sqlite-version-3.49.0\sqlite3_std\sqlite3_shell\x64\debug\vdbeaux.obj
c:\users\aixia\downloads\sqlite-version-3.49.0\sqlite3_std\sqlite3_shell\x64\debug\vdbeapi.obj
c:\users\aixia\downloads\sqlite-version-3.49.0\sqlite3_std\sqlite3_shell\x64\debug\vdbe.obj
c:\users\aixia\downloads\sqlite-version-3.49.0\sqlite3_std\sqlite3_shell\x64\debug\vacuum.obj
c:\users\aixia\downloads\sqlite-version-3.49.0\sqlite3_std\sqlite3_shell\x64\debug\util.obj
c:\users\aixia\downloads\sqlite-version-3.49.0\sqlite3_std\sqlite3_shell\x64\debug\utf.obj
c:\users\aixia\downloads\sqlite-version-3.49.0\sqlite3_std\sqlite3_shell\x64\debug\upsert.obj
c:\users\aixia\downloads\sqlite-version-3.49.0\sqlite3_std\sqlite3_shell\x64\debug\update.obj
c:\users\aixia\downloads\sqlite-version-3.49.0\sqlite3_std\sqlite3_shell\x64\debug\trigger.obj
c:\users\aixia\downloads\sqlite-version-3.49.0\sqlite3_std\sqlite3_shell\x64\debug\window.obj
c:\users\aixia\downloads\sqlite-version-3.49.0\sqlite3_std\x64\debug\sqlite3_shell.pdb
c:\users\aixia\downloads\sqlite-version-3.49.0\sqlite3_std\sqlite3_shell\x64\debug\sqlite3_shell.tlog\cl.command.1.tlog
c:\users\aixia\downloads\sqlite-version-3.49.0\sqlite3_std\sqlite3_shell\x64\debug\sqlite3_shell.tlog\cl.read.1.tlog
c:\users\aixia\downloads\sqlite-version-3.49.0\sqlite3_std\sqlite3_shell\x64\debug\sqlite3_shell.tlog\cl.write.1.tlog
c:\users\aixia\downloads\sqlite-version-3.49.0\sqlite3_std\sqlite3_shell\x64\debug\sqlite3_shell.tlog\link-cvtres.read.1.tlog
c:\users\aixia\downloads\sqlite-version-3.49.0\sqlite3_std\sqlite3_shell\x64\debug\sqlite3_shell.tlog\link-cvtres.write.1.tlog
c:\users\aixia\downloads\sqlite-version-3.49.0\sqlite3_std\sqlite3_shell\x64\debug\sqlite3_shell.tlog\link-rc.read.1.tlog
c:\users\aixia\downloads\sqlite-version-3.49.0\sqlite3_std\sqlite3_shell\x64\debug\sqlite3_shell.tlog\link-rc.write.1.tlog
c:\users\aixia\downloads\sqlite-version-3.49.0\sqlite3_std\sqlite3_shell\x64\debug\sqlite3_shell.tlog\link.command.1.tlog
c:\users\aixia\downloads\sqlite-version-3.49.0\sqlite3_std\sqlite3_shell\x64\debug\sqlite3_shell.tlog\link.read.1.tlog
c:\users\aixia\downloads\sqlite-version-3.49.0\sqlite3_std\sqlite3_shell\x64\debug\sqlite3_shell.tlog\link.write.1.tlog
